<?xml version="1.0" encoding="UTF-8"?>
<testsuite xmlns:xsi="http://www.w3.org/2001/XMLSchema-instance" xsi:noNamespaceSchemaLocation="https://maven.apache.org/surefire/maven-surefire-plugin/xsd/surefire-test-report.xsd" name="com.capgemini.jstk.BoardGameCapmates.BoardGameCapmatesApplicationTests" time="2.68" tests="1" errors="0" skipped="0" failures="0">
  <properties>
    <property name="sun.desktop" value="windows"/>
    <property name="awt.toolkit" value="sun.awt.windows.WToolkit"/>
    <property name="file.encoding.pkg" value="sun.io"/>
    <property name="java.specification.version" value="1.8"/>
    <property name="sun.cpu.isalist" value="amd64"/>
    <property name="sun.jnu.encoding" value="Cp1252"/>
    <property name="java.class.path" value="C:\projects\crash_course\workspaces\crash_course\BoardGameCapmates\target\test-classes;C:\projects\crash_course\workspaces\crash_course\BoardGameCapmates\target\classes;C:\projects\crash_course\maven\repo\org\springframework\boot\spring-boot-starter\2.0.3.RELEASE\spring-boot-starter-2.0.3.RELEASE.jar;C:\projects\crash_course\maven\repo\org\springframework\boot\spring-boot\2.0.3.RELEASE\spring-boot-2.0.3.RELEASE.jar;C:\projects\crash_course\maven\repo\org\springframework\spring-context\5.0.7.RELEASE\spring-context-5.0.7.RELEASE.jar;C:\projects\crash_course\maven\repo\org\springframework\spring-aop\5.0.7.RELEASE\spring-aop-5.0.7.RELEASE.jar;C:\projects\crash_course\maven\repo\org\springframework\spring-beans\5.0.7.RELEASE\spring-beans-5.0.7.RELEASE.jar;C:\projects\crash_course\maven\repo\org\springframework\spring-expression\5.0.7.RELEASE\spring-expression-5.0.7.RELEASE.jar;C:\projects\crash_course\maven\repo\org\springframework\boot\spring-boot-autoconfigure\2.0.3.RELEASE\spring-boot-autoconfigure-2.0.3.RELEASE.jar;C:\projects\crash_course\maven\repo\org\springframework\boot\spring-boot-starter-logging\2.0.3.RELEASE\spring-boot-starter-logging-2.0.3.RELEASE.jar;C:\projects\crash_course\maven\repo\ch\qos\logback\logback-classic\1.2.3\logback-classic-1.2.3.jar;C:\projects\crash_course\maven\repo\ch\qos\logback\logback-core\1.2.3\logback-core-1.2.3.jar;C:\projects\crash_course\maven\repo\org\apache\logging\log4j\log4j-to-slf4j\2.10.0\log4j-to-slf4j-2.10.0.jar;C:\projects\crash_course\maven\repo\org\apache\logging\log4j\log4j-api\2.10.0\log4j-api-2.10.0.jar;C:\projects\crash_course\maven\repo\org\slf4j\jul-to-slf4j\1.7.25\jul-to-slf4j-1.7.25.jar;C:\projects\crash_course\maven\repo\javax\annotation\javax.annotation-api\1.3.2\javax.annotation-api-1.3.2.jar;C:\projects\crash_course\maven\repo\org\springframework\spring-core\5.0.7.RELEASE\spring-core-5.0.7.RELEASE.jar;C:\projects\crash_course\maven\repo\org\springframework\spring-jcl\5.0.7.RELEASE\spring-jcl-5.0.7.RELEASE.jar;C:\projects\crash_course\maven\repo\org\yaml\snakeyaml\1.19\snakeyaml-1.19.jar;C:\projects\crash_course\maven\repo\org\springframework\boot\spring-boot-starter-test\2.0.3.RELEASE\spring-boot-starter-test-2.0.3.RELEASE.jar;C:\projects\crash_course\maven\repo\org\springframework\boot\spring-boot-test\2.0.3.RELEASE\spring-boot-test-2.0.3.RELEASE.jar;C:\projects\crash_course\maven\repo\org\springframework\boot\spring-boot-test-autoconfigure\2.0.3.RELEASE\spring-boot-test-autoconfigure-2.0.3.RELEASE.jar;C:\projects\crash_course\maven\repo\com\jayway\jsonpath\json-path\2.4.0\json-path-2.4.0.jar;C:\projects\crash_course\maven\repo\net\minidev\json-smart\2.3\json-smart-2.3.jar;C:\projects\crash_course\maven\repo\net\minidev\accessors-smart\1.2\accessors-smart-1.2.jar;C:\projects\crash_course\maven\repo\org\ow2\asm\asm\5.0.4\asm-5.0.4.jar;C:\projects\crash_course\maven\repo\org\slf4j\slf4j-api\1.7.25\slf4j-api-1.7.25.jar;C:\projects\crash_course\maven\repo\junit\junit\4.12\junit-4.12.jar;C:\projects\crash_course\maven\repo\org\assertj\assertj-core\3.9.1\assertj-core-3.9.1.jar;C:\projects\crash_course\maven\repo\org\mockito\mockito-core\2.15.0\mockito-core-2.15.0.jar;C:\projects\crash_course\maven\repo\net\bytebuddy\byte-buddy\1.7.11\byte-buddy-1.7.11.jar;C:\projects\crash_course\maven\repo\net\bytebuddy\byte-buddy-agent\1.7.11\byte-buddy-agent-1.7.11.jar;C:\projects\crash_course\maven\repo\org\objenesis\objenesis\2.6\objenesis-2.6.jar;C:\projects\crash_course\maven\repo\org\hamcrest\hamcrest-core\1.3\hamcrest-core-1.3.jar;C:\projects\crash_course\maven\repo\org\hamcrest\hamcrest-library\1.3\hamcrest-library-1.3.jar;C:\projects\crash_course\maven\repo\org\skyscreamer\jsonassert\1.5.0\jsonassert-1.5.0.jar;C:\projects\crash_course\maven\repo\com\vaadin\external\google\android-json\0.0.20131108.vaadin1\android-json-0.0.20131108.vaadin1.jar;C:\projects\crash_course\maven\repo\org\springframework\spring-test\5.0.7.RELEASE\spring-test-5.0.7.RELEASE.jar;C:\projects\crash_course\maven\repo\org\xmlunit\xmlunit-core\2.5.1\xmlunit-core-2.5.1.jar;"/>
    <property name="java.vm.vendor" value="Oracle Corporation"/>
    <property name="sun.arch.data.model" value="64"/>
    <property name="user.variant" value=""/>
    <property name="java.vendor.url" value="http://java.oracle.com/"/>
    <property name="user.timezone" value=""/>
    <property name="user.country.format" value="PL"/>
    <property name="java.vm.specification.version" value="1.8"/>
    <property name="os.name" value="Windows 7"/>
    <property name="user.country" value="US"/>
    <property name="sun.java.launcher" value="SUN_STANDARD"/>
    <property name="sun.boot.library.path" value="C:\projects\crash_course\jdk\jdk8\jre\bin"/>
    <property name="sun.java.command" value="C:\Users\tsroka\AppData\Local\Temp\surefire1197246024172791759\surefirebooter6924860460368713929.jar C:\Users\tsroka\AppData\Local\Temp\surefire1197246024172791759 2018-07-23T10-49-32_086-jvmRun1 surefire4455670585855941464tmp surefire_08623016836818021740tmp"/>
    <property name="surefire.test.class.path" value="C:\projects\crash_course\workspaces\crash_course\BoardGameCapmates\target\test-classes;C:\projects\crash_course\workspaces\crash_course\BoardGameCapmates\target\classes;C:\projects\crash_course\maven\repo\org\springframework\boot\spring-boot-starter\2.0.3.RELEASE\spring-boot-starter-2.0.3.RELEASE.jar;C:\projects\crash_course\maven\repo\org\springframework\boot\spring-boot\2.0.3.RELEASE\spring-boot-2.0.3.RELEASE.jar;C:\projects\crash_course\maven\repo\org\springframework\spring-context\5.0.7.RELEASE\spring-context-5.0.7.RELEASE.jar;C:\projects\crash_course\maven\repo\org\springframework\spring-aop\5.0.7.RELEASE\spring-aop-5.0.7.RELEASE.jar;C:\projects\crash_course\maven\repo\org\springframework\spring-beans\5.0.7.RELEASE\spring-beans-5.0.7.RELEASE.jar;C:\projects\crash_course\maven\repo\org\springframework\spring-expression\5.0.7.RELEASE\spring-expression-5.0.7.RELEASE.jar;C:\projects\crash_course\maven\repo\org\springframework\boot\spring-boot-autoconfigure\2.0.3.RELEASE\spring-boot-autoconfigure-2.0.3.RELEASE.jar;C:\projects\crash_course\maven\repo\org\springframework\boot\spring-boot-starter-logging\2.0.3.RELEASE\spring-boot-starter-logging-2.0.3.RELEASE.jar;C:\projects\crash_course\maven\repo\ch\qos\logback\logback-classic\1.2.3\logback-classic-1.2.3.jar;C:\projects\crash_course\maven\repo\ch\qos\logback\logback-core\1.2.3\logback-core-1.2.3.jar;C:\projects\crash_course\maven\repo\org\apache\logging\log4j\log4j-to-slf4j\2.10.0\log4j-to-slf4j-2.10.0.jar;C:\projects\crash_course\maven\repo\org\apache\logging\log4j\log4j-api\2.10.0\log4j-api-2.10.0.jar;C:\projects\crash_course\maven\repo\org\slf4j\jul-to-slf4j\1.7.25\jul-to-slf4j-1.7.25.jar;C:\projects\crash_course\maven\repo\javax\annotation\javax.annotation-api\1.3.2\javax.annotation-api-1.3.2.jar;C:\projects\crash_course\maven\repo\org\springframework\spring-core\5.0.7.RELEASE\spring-core-5.0.7.RELEASE.jar;C:\projects\crash_course\maven\repo\org\springframework\spring-jcl\5.0.7.RELEASE\spring-jcl-5.0.7.RELEASE.jar;C:\projects\crash_course\maven\repo\org\yaml\snakeyaml\1.19\snakeyaml-1.19.jar;C:\projects\crash_course\maven\repo\org\springframework\boot\spring-boot-starter-test\2.0.3.RELEASE\spring-boot-starter-test-2.0.3.RELEASE.jar;C:\projects\crash_course\maven\repo\org\springframework\boot\spring-boot-test\2.0.3.RELEASE\spring-boot-test-2.0.3.RELEASE.jar;C:\projects\crash_course\maven\repo\org\springframework\boot\spring-boot-test-autoconfigure\2.0.3.RELEASE\spring-boot-test-autoconfigure-2.0.3.RELEASE.jar;C:\projects\crash_course\maven\repo\com\jayway\jsonpath\json-path\2.4.0\json-path-2.4.0.jar;C:\projects\crash_course\maven\repo\net\minidev\json-smart\2.3\json-smart-2.3.jar;C:\projects\crash_course\maven\repo\net\minidev\accessors-smart\1.2\accessors-smart-1.2.jar;C:\projects\crash_course\maven\repo\org\ow2\asm\asm\5.0.4\asm-5.0.4.jar;C:\projects\crash_course\maven\repo\org\slf4j\slf4j-api\1.7.25\slf4j-api-1.7.25.jar;C:\projects\crash_course\maven\repo\junit\junit\4.12\junit-4.12.jar;C:\projects\crash_course\maven\repo\org\assertj\assertj-core\3.9.1\assertj-core-3.9.1.jar;C:\projects\crash_course\maven\repo\org\mockito\mockito-core\2.15.0\mockito-core-2.15.0.jar;C:\projects\crash_course\maven\repo\net\bytebuddy\byte-buddy\1.7.11\byte-buddy-1.7.11.jar;C:\projects\crash_course\maven\repo\net\bytebuddy\byte-buddy-agent\1.7.11\byte-buddy-agent-1.7.11.jar;C:\projects\crash_course\maven\repo\org\objenesis\objenesis\2.6\objenesis-2.6.jar;C:\projects\crash_course\maven\repo\org\hamcrest\hamcrest-core\1.3\hamcrest-core-1.3.jar;C:\projects\crash_course\maven\repo\org\hamcrest\hamcrest-library\1.3\hamcrest-library-1.3.jar;C:\projects\crash_course\maven\repo\org\skyscreamer\jsonassert\1.5.0\jsonassert-1.5.0.jar;C:\projects\crash_course\maven\repo\com\vaadin\external\google\android-json\0.0.20131108.vaadin1\android-json-0.0.20131108.vaadin1.jar;C:\projects\crash_course\maven\repo\org\springframework\spring-test\5.0.7.RELEASE\spring-test-5.0.7.RELEASE.jar;C:\projects\crash_course\maven\repo\org\xmlunit\xmlunit-core\2.5.1\xmlunit-core-2.5.1.jar;"/>
    <property name="sun.cpu.endian" value="little"/>
    <property name="user.home" value="C:\Users\tsroka"/>
    <property name="user.language" value="en"/>
    <property name="java.specification.vendor" value="Oracle Corporation"/>
    <property name="java.home" value="C:\projects\crash_course\jdk\jdk8\jre"/>
    <property name="basedir" value="C:\projects\crash_course\workspaces\crash_course\BoardGameCapmates"/>
    <property name="file.separator" value="\"/>
    <property name="line.separator" value="&#10;"/>
    <property name="java.vm.specification.vendor" value="Oracle Corporation"/>
    <property name="java.specification.name" value="Java Platform API Specification"/>
    <property name="java.awt.graphicsenv" value="sun.awt.Win32GraphicsEnvironment"/>
    <property name="surefire.real.class.path" value="C:\Users\tsroka\AppData\Local\Temp\surefire1197246024172791759\surefirebooter6924860460368713929.jar"/>
    <property name="sun.boot.class.path" value="C:\projects\crash_course\jdk\jdk8\jre\lib\resources.jar;C:\projects\crash_course\jdk\jdk8\jre\lib\rt.jar;C:\projects\crash_course\jdk\jdk8\jre\lib\sunrsasign.jar;C:\projects\crash_course\jdk\jdk8\jre\lib\jsse.jar;C:\projects\crash_course\jdk\jdk8\jre\lib\jce.jar;C:\projects\crash_course\jdk\jdk8\jre\lib\charsets.jar;C:\projects\crash_course\jdk\jdk8\jre\lib\jfr.jar;C:\projects\crash_course\jdk\jdk8\jre\classes"/>
    <property name="user.script" value=""/>
    <property name="sun.management.compiler" value="HotSpot 64-Bit Tiered Compilers"/>
    <property name="java.runtime.version" value="1.8.0_66-b17"/>
    <property name="user.name" value="TSROKA"/>
    <property name="path.separator" value=";"/>
    <property name="os.version" value="6.1"/>
    <property name="java.endorsed.dirs" value="C:\projects\crash_course\jdk\jdk8\jre\lib\endorsed"/>
    <property name="java.runtime.name" value="Java(TM) SE Runtime Environment"/>
    <property name="file.encoding" value="Cp1252"/>
    <property name="java.vm.name" value="Java HotSpot(TM) 64-Bit Server VM"/>
    <property name="localRepository" value="C:\projects\crash_course\maven\repo"/>
    <property name="java.vendor.url.bug" value="http://bugreport.sun.com/bugreport/"/>
    <property name="java.io.tmpdir" value="C:\Users\tsroka\AppData\Local\Temp\"/>
    <property name="java.version" value="1.8.0_66"/>
    <property name="user.dir" value="C:\projects\crash_course\workspaces\crash_course\BoardGameCapmates"/>
    <property name="os.arch" value="amd64"/>
    <property name="java.vm.specification.name" value="Java Virtual Machine Specification"/>
    <property name="java.awt.printerjob" value="sun.awt.windows.WPrinterJob"/>
    <property name="user.language.format" value="pl"/>
    <property name="sun.os.patch.level" value="Service Pack 1"/>
    <property name="java.library.path" value="C:\projects\crash_course\jdk\jdk8\jre\bin;C:\WINDOWS\Sun\Java\bin;C:\WINDOWS\system32;C:\WINDOWS;C:\projects\crash_course\\jdk\jdk8\bin;C:\projects\crash_course\\maven\bin;C:\projects\crash_course\\git\cmd;C:\WINDOWS\system32;C:\WINDOWS;C:\WINDOWS\System32\Wbem;C:\WINDOWS\System32\WindowsPowerShell\v1.0\;C:\Program Files\Git\cmd;C:\Program Files (x86)\IDM Computer Solutions\UltraEdit;."/>
    <property name="java.vm.info" value="mixed mode"/>
    <property name="java.vendor" value="Oracle Corporation"/>
    <property name="java.vm.version" value="25.66-b17"/>
    <property name="java.ext.dirs" value="C:\projects\crash_course\jdk\jdk8\jre\lib\ext;C:\WINDOWS\Sun\Java\lib\ext"/>
    <property name="sun.io.unicode.encoding" value="UnicodeLittle"/>
    <property name="java.class.version" value="52.0"/>
  </properties>
  <testcase name="contextLoads" classname="com.capgemini.jstk.BoardGameCapmates.BoardGameCapmatesApplicationTests" time="0.1"/>
</testsuite>